<?xml version="1.0" encoding="UTF-8"?>
<!-- Generated by org.testng.reporters.JUnitXMLReporter -->
<testsuite hostname="LAPTOP-PMC2DT0F" ignored="0" name="Test" tests="4" failures="0" timestamp="2022-02-19T16:15:55 EST" time="30.66" errors="0">
  <testcase name="basePageNavigation" time="0.076" classname="Academy.validateNavBar"/>
  <testcase name="basePageNavigation" time="2.569" classname="Academy.HomePage"/>
  <testcase name="basePageNavigation" time="2.47" classname="Academy.HomePage"/>
  <testcase name="basePageNavigation" time="0.048" classname="Academy.validateTitle"/>
</testsuite> <!-- Test -->
